<?xml version="1.0" encoding="UTF-8"?>
<!-- Generated by org.testng.reporters.JUnitReportReporter -->
<testsuite skipped="0" hostname="admin-PC" name="com.makemytrip.testcases.TC_FlightStops_003" tests="1" failures="0" timestamp="06 May 2019 17:20:36 GMT" time="3.494" errors="0">
  <testcase name="Flight_Stops" time="3.494" classname="com.makemytrip.testcases.TC_FlightStops_003"/>
</testsuite> <!-- com.makemytrip.testcases.TC_FlightStops_003 -->
