<?xml version="1.0" encoding="UTF-8"?>
<!-- Generated by org.testng.reporters.JUnitReportReporter -->
<testsuite skipped="0" hostname="admin-PC" name="com.makemytrip.testcases.TC_FlightStops_003" tests="1" failures="0" timestamp="09 May 2019 15:22:30 GMT" time="0.065" errors="0">
  <testcase name="Flight_Stops" time="0.065" classname="com.makemytrip.testcases.TC_FlightStops_003"/>
</testsuite> <!-- com.makemytrip.testcases.TC_FlightStops_003 -->
