<?xml version="1.0" encoding="UTF-8"?>
<!-- Generated by org.testng.reporters.JUnitReportReporter -->
<testsuite skipped="0" hostname="admin-PC" name="com.makemytrip.testcases.TC_Flights_Radio_004" tests="1" failures="0" timestamp="06 May 2019 17:20:36 GMT" time="0.030" errors="0">
  <testcase name="Radio" time="0.030" classname="com.makemytrip.testcases.TC_Flights_Radio_004"/>
</testsuite> <!-- com.makemytrip.testcases.TC_Flights_Radio_004 -->
