<?xml version="1.0" encoding="UTF-8"?>
<!-- Generated by org.testng.reporters.JUnitReportReporter -->
<testsuite skipped="0" hostname="admin-PC" name="com.makemytrip.testcases.TC_Homepage_001" tests="1" failures="0" timestamp="07 May 2019 02:15:27 GMT" time="45.754" errors="0">
  <testcase name="Flightbooking" time="45.754" classname="com.makemytrip.testcases.TC_Homepage_001"/>
</testsuite> <!-- com.makemytrip.testcases.TC_Homepage_001 -->
