<?xml version="1.0" encoding="UTF-8"?>
<!-- Generated by org.testng.reporters.JUnitReportReporter -->
<testsuite skipped="0" hostname="admin-PC" name="com.makemytrip.testcases.TC_Homepage_001" tests="1" failures="0" timestamp="09 May 2019 15:22:30 GMT" time="12.907" errors="0">
  <testcase name="Flightbooking" time="12.907" classname="com.makemytrip.testcases.TC_Homepage_001"/>
</testsuite> <!-- com.makemytrip.testcases.TC_Homepage_001 -->
