<?xml version="1.0" encoding="UTF-8"?>
<!-- Generated by org.testng.reporters.JUnitReportReporter -->
<testsuite skipped="0" hostname="admin-PC" name="com.makemytrip.testcases.TC_Homepage_001" tests="1" failures="0" timestamp="06 May 2019 17:20:36 GMT" time="83.454" errors="0">
  <testcase name="Flightbooking" time="83.454" classname="com.makemytrip.testcases.TC_Homepage_001"/>
</testsuite> <!-- com.makemytrip.testcases.TC_Homepage_001 -->
