<?xml version="1.0" encoding="UTF-8"?>
<!-- Generated by org.testng.reporters.JUnitReportReporter -->
<testsuite skipped="0" hostname="admin-PC" name="com.makemytrip.testcases.TC_Flights_002" tests="1" failures="0" timestamp="06 May 2019 17:20:36 GMT" time="1.931" errors="0">
  <testcase name="flights" time="1.931" classname="com.makemytrip.testcases.TC_Flights_002"/>
</testsuite> <!-- com.makemytrip.testcases.TC_Flights_002 -->
