<?xml version="1.0" encoding="UTF-8"?>
<!-- Generated by org.testng.reporters.JUnitReportReporter -->
<testsuite skipped="0" hostname="admin-PC" name="com.makemytrip.testcases.TC_Flights_002" tests="1" failures="0" timestamp="09 May 2019 15:22:30 GMT" time="0.068" errors="0">
  <testcase name="flights" time="0.068" classname="com.makemytrip.testcases.TC_Flights_002"/>
</testsuite> <!-- com.makemytrip.testcases.TC_Flights_002 -->
