<?xml version="1.0" encoding="UTF-8"?>
<!-- Generated by org.testng.reporters.JUnitReportReporter -->
<testsuite skipped="0" hostname="admin-PC" name="com.makemytrip.testcases.TC_Flights_002" tests="1" failures="0" timestamp="07 May 2019 02:15:27 GMT" time="1.741" errors="0">
  <testcase name="flights" time="1.741" classname="com.makemytrip.testcases.TC_Flights_002"/>
</testsuite> <!-- com.makemytrip.testcases.TC_Flights_002 -->
