<?xml version="1.0" encoding="UTF-8"?>
<!-- Generated by org.testng.reporters.JUnitReportReporter -->
<testsuite skipped="0" hostname="admin-PC" name="com.makemytrip.testcases.TC_Flights_002" tests="1" failures="0" timestamp="27 Apr 2019 16:08:21 GMT" time="0.145" errors="0">
  <testcase name="flights" time="0.145" classname="com.makemytrip.testcases.TC_Flights_002"/>
</testsuite> <!-- com.makemytrip.testcases.TC_Flights_002 -->
